2025-07-27 15:10:22.751 [START] Run: RetroBuild.exe
2025-07-27 15:10:22.758 [INFO] Reading build.ini file for options.
2025-07-27 15:10:22.760 [INFO] RetrobatVersion = 7.3.0
2025-07-27 15:10:22.760 [INFO] RetroarchVersion = 1.20.0
2025-07-27 15:10:22.761 [INFO] GetBatgui = False
2025-07-27 15:10:22.761 [INFO] GetBatoceraPorts = True
2025-07-27 15:10:22.762 [INFO] GetBios = True
2025-07-27 15:10:22.762 [INFO] GetDecorations = True
2025-07-27 15:10:22.763 [INFO] GetDefaultTheme = True
2025-07-27 15:10:22.763 [INFO] GetEmulationstation = True
2025-07-27 15:10:22.764 [INFO] GetEmulators = False
2025-07-27 15:10:22.764 [INFO] GetLrcores = False
2025-07-27 15:10:22.765 [INFO] GetRetroarch = False
2025-07-27 15:10:22.765 [INFO] GetRetrobatBinaries = True
2025-07-27 15:10:22.766 [INFO] GetSystem = True
2025-07-27 15:10:22.766 [INFO] GetWiimotegun = True
2025-07-27 15:10:22.766 [INFO] SevenZipPath = C:\Users\BENOIT\source\repos\RetroBuild\RetroBuild\bin\Debug\system\tools\7za.exe
2025-07-27 15:10:22.767 [INFO] WgetPath = C:\Users\BENOIT\source\repos\RetroBuild\RetroBuild\bin\Debug\system\tools\wget.exe
2025-07-27 15:10:22.767 [INFO] CurlPath = C:\Users\BENOIT\source\repos\RetroBuild\RetroBuild\bin\Debug\system\tools\curl.exe
2025-07-27 15:10:22.767 [ERROR] 7za.exe not found at: C:\Users\BENOIT\source\repos\RetroBuild\RetroBuild\bin\Debug\system\tools\7za.exe
